# JRE version: OpenJDK Runtime Environment (8.0_152-b06) (build 1.8.0_152-release-1136-b06)
# Java VM: OpenJDK 64-Bit Server VM (25.152-b06 mixed mode windows-amd64 compressed oops)
Heap:
 PSYoungGen      total 219648K, used 93752K [0x00000000e0000000, 0x00000000f2200000, 0x0000000100000000)
  eden space 175104K, 41% used [0x00000000e0000000,0x00000000e47348f0,0x00000000eab00000)
  from space 44544K, 46% used [0x00000000eab00000,0x00000000ebf59918,0x00000000ed680000)
  to   space 43008K, 0% used [0x00000000ef800000,0x00000000ef800000,0x00000000f2200000)
 ParOldGen       total 128000K, used 90830K [0x00000000a0000000, 0x00000000a7d00000, 0x00000000e0000000)
  object space 128000K, 70% used [0x00000000a0000000,0x00000000a58b3b18,0x00000000a7d00000)
 Metaspace       used 89618K, capacity 92412K, committed 94424K, reserved 1132544K
  class space    used 11174K, capacity 11812K, committed 12288K, reserved 1048576K
GC Heap History (10 events):
Event: 1991.295 GC heap before
{Heap before GC invocations=29 (full 3):
 PSYoungGen      total 165376K, used 164894K [0x00000000e0000000, 0x00000000ee000000, 0x0000000100000000)
  eden space 133120K, 100% used [0x00000000e0000000,0x00000000e8200000,0x00000000e8200000)
  from space 32256K, 98% used [0x00000000e8200000,0x00000000ea107bb0,0x00000000ea180000)
  to   space 37376K, 0% used [0x00000000ebb80000,0x00000000ebb80000,0x00000000ee000000)
 ParOldGen       total 85504K, used 60358K [0x00000000a0000000, 0x00000000a5380000, 0x00000000e0000000)
  object space 85504K, 70% used [0x00000000a0000000,0x00000000a3af1a80,0x00000000a5380000)
 Metaspace       used 89990K, capacity 93526K, committed 93656K, reserved 1130496K
  class space    used 11372K, capacity 12185K, committed 12288K, reserved 1048576K
Event: 1991.570 GC heap after
Heap after GC invocations=29 (full 3):
 PSYoungGen      total 191488K, used 23375K [0x00000000e0000000, 0x00000000ee580000, 0x0000000100000000)
  eden space 154112K, 0% used [0x00000000e0000000,0x00000000e0000000,0x00000000e9680000)
  from space 37376K, 62% used [0x00000000ebb80000,0x00000000ed253c40,0x00000000ee000000)
  to   space 37888K, 0% used [0x00000000e9680000,0x00000000e9680000,0x00000000ebb80000)
 ParOldGen       total 85504K, used 65101K [0x00000000a0000000, 0x00000000a5380000, 0x00000000e0000000)
  object space 85504K, 76% used [0x00000000a0000000,0x00000000a3f93508,0x00000000a5380000)
 Metaspace       used 89990K, capacity 93526K, committed 93656K, reserved 1130496K
  class space    used 11372K, capacity 12185K, committed 12288K, reserved 1048576K
}
Event: 1996.726 GC heap before
{Heap before GC invocations=30 (full 3):
 PSYoungGen      total 191488K, used 177487K [0x00000000e0000000, 0x00000000ee580000, 0x0000000100000000)
  eden space 154112K, 100% used [0x00000000e0000000,0x00000000e9680000,0x00000000e9680000)
  from space 37376K, 62% used [0x00000000ebb80000,0x00000000ed253c40,0x00000000ee000000)
  to   space 37888K, 0% used [0x00000000e9680000,0x00000000e9680000,0x00000000ebb80000)
 ParOldGen       total 85504K, used 65101K [0x00000000a0000000, 0x00000000a5380000, 0x00000000e0000000)
  object space 85504K, 76% used [0x00000000a0000000,0x00000000a3f93508,0x00000000a5380000)
 Metaspace       used 90136K, capacity 93678K, committed 93912K, reserved 1130496K
  class space    used 11372K, capacity 12185K, committed 12288K, reserved 1048576K
Event: 1996.872 GC heap after
Heap after GC invocations=30 (full 3):
 PSYoungGen      total 192000K, used 13725K [0x00000000e0000000, 0x00000000efa00000, 0x0000000100000000)
  eden space 154112K, 0% used [0x00000000e0000000,0x00000000e0000000,0x00000000e9680000)
  from space 37888K, 36% used [0x00000000e9680000,0x00000000ea3e75e8,0x00000000ebb80000)
  to   space 36352K, 0% used [0x00000000ed680000,0x00000000ed680000,0x00000000efa00000)
 ParOldGen       total 85504K, used 74876K [0x00000000a0000000, 0x00000000a5380000, 0x00000000e0000000)
  object space 85504K, 87% used [0x00000000a0000000,0x00000000a491f2e0,0x00000000a5380000)
 Metaspace       used 90136K, capacity 93678K, committed 93912K, reserved 1130496K
  class space    used 11372K, capacity 12185K, committed 12288K, reserved 1048576K
}
Event: 1996.872 GC heap before
{Heap before GC invocations=31 (full 4):
 PSYoungGen      total 192000K, used 13725K [0x00000000e0000000, 0x00000000efa00000, 0x0000000100000000)
  eden space 154112K, 0% used [0x00000000e0000000,0x00000000e0000000,0x00000000e9680000)
  from space 37888K, 36% used [0x00000000e9680000,0x00000000ea3e75e8,0x00000000ebb80000)
  to   space 36352K, 0% used [0x00000000ed680000,0x00000000ed680000,0x00000000efa00000)
 ParOldGen       total 85504K, used 74876K [0x00000000a0000000, 0x00000000a5380000, 0x00000000e0000000)
  object space 85504K, 87% used [0x00000000a0000000,0x00000000a491f2e0,0x00000000a5380000)
 Metaspace       used 90136K, capacity 93678K, committed 93912K, reserved 1130496K
  class space    used 11372K, capacity 12185K, committed 12288K, reserved 1048576K
Event: 2000.447 GC heap after
Heap after GC invocations=31 (full 4):
 PSYoungGen      total 192000K, used 0K [0x00000000e0000000, 0x00000000efa00000, 0x0000000100000000)
  eden space 154112K, 0% used [0x00000000e0000000,0x00000000e0000000,0x00000000e9680000)
  from space 37888K, 0% used [0x00000000e9680000,0x00000000e9680000,0x00000000ebb80000)
  to   space 36352K, 0% used [0x00000000ed680000,0x00000000ed680000,0x00000000efa00000)
 ParOldGen       total 128000K, used 63575K [0x00000000a0000000, 0x00000000a7d00000, 0x00000000e0000000)
  object space 128000K, 49% used [0x00000000a0000000,0x00000000a3e15d30,0x00000000a7d00000)
 Metaspace       used 88896K, capacity 91614K, committed 93912K, reserved 1130496K
  class space    used 11113K, capacity 11745K, committed 12288K, reserved 1048576K
}
Event: 2004.515 GC heap before
{Heap before GC invocations=32 (full 4):
 PSYoungGen      total 192000K, used 154112K [0x00000000e0000000, 0x00000000efa00000, 0x0000000100000000)
  eden space 154112K, 100% used [0x00000000e0000000,0x00000000e9680000,0x00000000e9680000)
  from space 37888K, 0% used [0x00000000e9680000,0x00000000e9680000,0x00000000ebb80000)
  to   space 36352K, 0% used [0x00000000ed680000,0x00000000ed680000,0x00000000efa00000)
 ParOldGen       total 128000K, used 63575K [0x00000000a0000000, 0x00000000a7d00000, 0x00000000e0000000)
  object space 128000K, 49% used [0x00000000a0000000,0x00000000a3e15d30,0x00000000a7d00000)
 Metaspace       used 89484K, capacity 92272K, committed 94424K, reserved 1132544K
  class space    used 11171K, capacity 11810K, committed 12288K, reserved 1048576K
Event: 2004.839 GC heap after
Heap after GC invocations=32 (full 4):
 PSYoungGen      total 211456K, used 36341K [0x00000000e0000000, 0x00000000f0c80000, 0x0000000100000000)
  eden space 175104K, 0% used [0x00000000e0000000,0x00000000e0000000,0x00000000eab00000)
  from space 36352K, 99% used [0x00000000ed680000,0x00000000ef9fd628,0x00000000efa00000)
  to   space 44544K, 0% used [0x00000000eab00000,0x00000000eab00000,0x00000000ed680000)
 ParOldGen       total 128000K, used 71142K [0x00000000a0000000, 0x00000000a7d00000, 0x00000000e0000000)
  object space 128000K, 55% used [0x00000000a0000000,0x00000000a4579840,0x00000000a7d00000)
 Metaspace       used 89484K, capacity 92272K, committed 94424K, reserved 1132544K
  class space    used 11171K, capacity 11810K, committed 12288K, reserved 1048576K
}
Event: 2009.426 GC heap before
{Heap before GC invocations=33 (full 4):
 PSYoungGen      total 211456K, used 211445K [0x00000000e0000000, 0x00000000f0c80000, 0x0000000100000000)
  eden space 175104K, 100% used [0x00000000e0000000,0x00000000eab00000,0x00000000eab00000)
  from space 36352K, 99% used [0x00000000ed680000,0x00000000ef9fd628,0x00000000efa00000)
  to   space 44544K, 0% used [0x00000000eab00000,0x00000000eab00000,0x00000000ed680000)
 ParOldGen       total 128000K, used 71142K [0x00000000a0000000, 0x00000000a7d00000, 0x00000000e0000000)
  object space 128000K, 55% used [0x00000000a0000000,0x00000000a4579840,0x00000000a7d00000)
 Metaspace       used 89591K, capacity 92408K, committed 94424K, reserved 1132544K
  class space    used 11174K, capacity 11812K, committed 12288K, reserved 1048576K
Event: 2009.610 GC heap after
Heap after GC invocations=33 (full 4):
 PSYoungGen      total 219648K, used 20838K [0x00000000e0000000, 0x00000000f2200000, 0x0000000100000000)
  eden space 175104K, 0% used [0x00000000e0000000,0x00000000e0000000,0x00000000eab00000)
  from space 44544K, 46% used [0x00000000eab00000,0x00000000ebf59918,0x00000000ed680000)
  to   space 43008K, 0% used [0x00000000ef800000,0x00000000ef800000,0x00000000f2200000)
 ParOldGen       total 128000K, used 90830K [0x00000000a0000000, 0x00000000a7d00000, 0x00000000e0000000)
  object space 128000K, 70% used [0x00000000a0000000,0x00000000a58b3b18,0x00000000a7d00000)
 Metaspace       used 89591K, capacity 92408K, committed 94424K, reserved 1132544K
  class space    used 11174K, capacity 11812K, committed 12288K, reserved 1048576K
}

