# JRE version: OpenJDK Runtime Environment (8.0_152-b06) (build 1.8.0_152-release-1136-b06)
# Java VM: OpenJDK 64-Bit Server VM (25.152-b06 mixed mode windows-amd64 compressed oops)
Heap:
 PSYoungGen      total 259072K, used 191382K [0x00000000e0000000, 0x00000000f1b00000, 0x0000000100000000)
  eden space 243712K, 76% used [0x00000000e0000000,0x00000000eb624d18,0x00000000eee00000)
  from space 15360K, 31% used [0x00000000efd00000,0x00000000f01c0de8,0x00000000f0c00000)
  to   space 15360K, 0% used [0x00000000eee00000,0x00000000eee00000,0x00000000efd00000)
 ParOldGen       total 86528K, used 35822K [0x00000000a0000000, 0x00000000a5480000, 0x00000000e0000000)
  object space 86528K, 41% used [0x00000000a0000000,0x00000000a22fbb00,0x00000000a5480000)
 Metaspace       used 66177K, capacity 68888K, committed 69120K, reserved 1110016K
  class space    used 8593K, capacity 9181K, committed 9216K, reserved 1048576K
GC Heap History (10 events):
Event: 33.545 GC heap before
{Heap before GC invocations=15 (full 2):
 PSYoungGen      total 186368K, used 116595K [0x00000000e0000000, 0x00000000ec700000, 0x0000000100000000)
  eden space 173056K, 59% used [0x00000000e0000000,0x00000000e6547da0,0x00000000ea900000)
  from space 13312K, 96% used [0x00000000eb800000,0x00000000ec495238,0x00000000ec500000)
  to   space 15360K, 0% used [0x00000000ea900000,0x00000000ea900000,0x00000000eb800000)
 ParOldGen       total 50176K, used 29256K [0x00000000a0000000, 0x00000000a3100000, 0x00000000e0000000)
  object space 50176K, 58% used [0x00000000a0000000,0x00000000a1c920f8,0x00000000a3100000)
 Metaspace       used 57055K, capacity 58840K, committed 59008K, reserved 1099776K
  class space    used 7752K, capacity 8199K, committed 8320K, reserved 1048576K
Event: 33.645 GC heap after
Heap after GC invocations=15 (full 2):
 PSYoungGen      total 188416K, used 7321K [0x00000000e0000000, 0x00000000efd00000, 0x0000000100000000)
  eden space 173056K, 0% used [0x00000000e0000000,0x00000000e0000000,0x00000000ea900000)
  from space 15360K, 47% used [0x00000000ea900000,0x00000000eb0264a8,0x00000000eb800000)
  to   space 14336K, 0% used [0x00000000eef00000,0x00000000eef00000,0x00000000efd00000)
 ParOldGen       total 50176K, used 35209K [0x00000000a0000000, 0x00000000a3100000, 0x00000000e0000000)
  object space 50176K, 70% used [0x00000000a0000000,0x00000000a2262660,0x00000000a3100000)
 Metaspace       used 57055K, capacity 58840K, committed 59008K, reserved 1099776K
  class space    used 7752K, capacity 8199K, committed 8320K, reserved 1048576K
}
Event: 33.645 GC heap before
{Heap before GC invocations=16 (full 3):
 PSYoungGen      total 188416K, used 7321K [0x00000000e0000000, 0x00000000efd00000, 0x0000000100000000)
  eden space 173056K, 0% used [0x00000000e0000000,0x00000000e0000000,0x00000000ea900000)
  from space 15360K, 47% used [0x00000000ea900000,0x00000000eb0264a8,0x00000000eb800000)
  to   space 14336K, 0% used [0x00000000eef00000,0x00000000eef00000,0x00000000efd00000)
 ParOldGen       total 50176K, used 35209K [0x00000000a0000000, 0x00000000a3100000, 0x00000000e0000000)
  object space 50176K, 70% used [0x00000000a0000000,0x00000000a2262660,0x00000000a3100000)
 Metaspace       used 57055K, capacity 58840K, committed 59008K, reserved 1099776K
  class space    used 7752K, capacity 8199K, committed 8320K, reserved 1048576K
Event: 34.753 GC heap after
Heap after GC invocations=16 (full 3):
 PSYoungGen      total 188416K, used 0K [0x00000000e0000000, 0x00000000efd00000, 0x0000000100000000)
  eden space 173056K, 0% used [0x00000000e0000000,0x00000000e0000000,0x00000000ea900000)
  from space 15360K, 0% used [0x00000000ea900000,0x00000000ea900000,0x00000000eb800000)
  to   space 14336K, 0% used [0x00000000eef00000,0x00000000eef00000,0x00000000efd00000)
 ParOldGen       total 86528K, used 35798K [0x00000000a0000000, 0x00000000a5480000, 0x00000000e0000000)
  object space 86528K, 41% used [0x00000000a0000000,0x00000000a22f5b00,0x00000000a5480000)
 Metaspace       used 57055K, capacity 58840K, committed 59008K, reserved 1099776K
  class space    used 7752K, capacity 8199K, committed 8320K, reserved 1048576K
}
Event: 388.067 GC heap before
{Heap before GC invocations=17 (full 3):
 PSYoungGen      total 188416K, used 173056K [0x00000000e0000000, 0x00000000efd00000, 0x0000000100000000)
  eden space 173056K, 100% used [0x00000000e0000000,0x00000000ea900000,0x00000000ea900000)
  from space 15360K, 0% used [0x00000000ea900000,0x00000000ea900000,0x00000000eb800000)
  to   space 14336K, 0% used [0x00000000eef00000,0x00000000eef00000,0x00000000efd00000)
 ParOldGen       total 86528K, used 35798K [0x00000000a0000000, 0x00000000a5480000, 0x00000000e0000000)
  object space 86528K, 41% used [0x00000000a0000000,0x00000000a22f5b00,0x00000000a5480000)
 Metaspace       used 61085K, capacity 63084K, committed 63360K, reserved 1103872K
  class space    used 8056K, capacity 8535K, committed 8576K, reserved 1048576K
Event: 388.256 GC heap after
Heap after GC invocations=17 (full 3):
 PSYoungGen      total 221696K, used 13648K [0x00000000e0000000, 0x00000000efc80000, 0x0000000100000000)
  eden space 207872K, 0% used [0x00000000e0000000,0x00000000e0000000,0x00000000ecb00000)
  from space 13824K, 98% used [0x00000000eef00000,0x00000000efc54088,0x00000000efc80000)
  to   space 16384K, 0% used [0x00000000edc80000,0x00000000edc80000,0x00000000eec80000)
 ParOldGen       total 86528K, used 35806K [0x00000000a0000000, 0x00000000a5480000, 0x00000000e0000000)
  object space 86528K, 41% used [0x00000000a0000000,0x00000000a22f7b00,0x00000000a5480000)
 Metaspace       used 61085K, capacity 63084K, committed 63360K, reserved 1103872K
  class space    used 8056K, capacity 8535K, committed 8576K, reserved 1048576K
}
Event: 657.557 GC heap before
{Heap before GC invocations=18 (full 3):
 PSYoungGen      total 221696K, used 221520K [0x00000000e0000000, 0x00000000efc80000, 0x0000000100000000)
  eden space 207872K, 100% used [0x00000000e0000000,0x00000000ecb00000,0x00000000ecb00000)
  from space 13824K, 98% used [0x00000000eef00000,0x00000000efc54088,0x00000000efc80000)
  to   space 16384K, 0% used [0x00000000edc80000,0x00000000edc80000,0x00000000eec80000)
 ParOldGen       total 86528K, used 35806K [0x00000000a0000000, 0x00000000a5480000, 0x00000000e0000000)
  object space 86528K, 41% used [0x00000000a0000000,0x00000000a22f7b00,0x00000000a5480000)
 Metaspace       used 65076K, capacity 67460K, committed 67712K, reserved 1107968K
  class space    used 8548K, capacity 9071K, committed 9088K, reserved 1048576K
Event: 658.170 GC heap after
Heap after GC invocations=18 (full 3):
 PSYoungGen      total 242176K, used 6966K [0x00000000e0000000, 0x00000000f0c00000, 0x0000000100000000)
  eden space 225792K, 0% used [0x00000000e0000000,0x00000000e0000000,0x00000000edc80000)
  from space 16384K, 42% used [0x00000000edc80000,0x00000000ee34d960,0x00000000eec80000)
  to   space 15360K, 0% used [0x00000000efd00000,0x00000000efd00000,0x00000000f0c00000)
 ParOldGen       total 86528K, used 35814K [0x00000000a0000000, 0x00000000a5480000, 0x00000000e0000000)
  object space 86528K, 41% used [0x00000000a0000000,0x00000000a22f9b00,0x00000000a5480000)
 Metaspace       used 65076K, capacity 67460K, committed 67712K, reserved 1107968K
  class space    used 8548K, capacity 9071K, committed 9088K, reserved 1048576K
}
Event: 1012.973 GC heap before
{Heap before GC invocations=19 (full 3):
 PSYoungGen      total 242176K, used 232758K [0x00000000e0000000, 0x00000000f0c00000, 0x0000000100000000)
  eden space 225792K, 100% used [0x00000000e0000000,0x00000000edc80000,0x00000000edc80000)
  from space 16384K, 42% used [0x00000000edc80000,0x00000000ee34d960,0x00000000eec80000)
  to   space 15360K, 0% used [0x00000000efd00000,0x00000000efd00000,0x00000000f0c00000)
 ParOldGen       total 86528K, used 35814K [0x00000000a0000000, 0x00000000a5480000, 0x00000000e0000000)
  object space 86528K, 41% used [0x00000000a0000000,0x00000000a22f9b00,0x00000000a5480000)
 Metaspace       used 65577K, capacity 68124K, committed 68352K, reserved 1107968K
  class space    used 8562K, capacity 9095K, committed 9216K, reserved 1048576K
Event: 1014.159 GC heap after
Heap after GC invocations=19 (full 3):
 PSYoungGen      total 259072K, used 4867K [0x00000000e0000000, 0x00000000f1b00000, 0x0000000100000000)
  eden space 243712K, 0% used [0x00000000e0000000,0x00000000e0000000,0x00000000eee00000)
  from space 15360K, 31% used [0x00000000efd00000,0x00000000f01c0de8,0x00000000f0c00000)
  to   space 15360K, 0% used [0x00000000eee00000,0x00000000eee00000,0x00000000efd00000)
 ParOldGen       total 86528K, used 35822K [0x00000000a0000000, 0x00000000a5480000, 0x00000000e0000000)
  object space 86528K, 41% used [0x00000000a0000000,0x00000000a22fbb00,0x00000000a5480000)
 Metaspace       used 65577K, capacity 68124K, committed 68352K, reserved 1107968K
  class space    used 8562K, capacity 9095K, committed 9216K, reserved 1048576K
}

